#
# A fatal error has been detected by the Java Runtime Environment:
#
#  SIGSEGV (0xb) at pc=0x000000010696aa46, pid=886, tid=0x0000000000000307
#
# JRE version: Java(TM) SE Runtime Environment (8.0_151-b12) (build 1.8.0_151-b12)
# Java VM: Java HotSpot(TM) 64-Bit Server VM (25.151-b12 mixed mode bsd-amd64 compressed oops)
# Problematic frame:
# V  [libjvm.dylib+0x16aa46]
#
# Failed to write core dump. Core dumps have been disabled. To enable core dumping, try "ulimit -c unlimited" before starting Java again
#
# If you would like to submit a bug report, please visit:
#   http://bugreport.java.com/bugreport/crash.jsp
#

---------------  T H R E A D  ---------------

Current thread is native thread

siginfo: si_signo: 11 (SIGSEGV), si_code: 1 (SEGV_MAPERR), si_addr: 0x0000000000000270

Registers:
RAX=0x0000000000000000, RBX=0x0000000000000000, RCX=0x0000000107031500, RDX=0x0000000000000000
RSP=0x00007ffee9e58f90, RBP=0x00007ffee9e58fa0, RSI=0x0000000000000006, RDI=0x00007ffee9e58fb0
R8 =0x0000000000000000, R9 =0x0000000000000000, R10=0x00007fffa3e99ed8, R11=0x00007f97fafa2fe0
R12=0x00007f97f6d319f8, R13=0x00007f97f7e5c070, R14=0x00007f97fc97ddc8, R15=0x00007f97f6d319f8
RIP=0x000000010696aa46, EFLAGS=0x0000000000010246, ERR=0x0000000000000006
  TRAPNO=0x000000000000000e

Top of Stack: (sp=0x00007ffee9e58f90)
0x00007ffee9e58f90:   0000000000000000 00007f97fc97ddc8
0x00007ffee9e58fa0:   00007ffee9e58fd0 0000000106b1515e
0x00007ffee9e58fb0:   0000000000000000 00007f97fa89e180
0x00007ffee9e58fc0:   0000000000000008 00007f97f5576550
0x00007ffee9e58fd0:   00007ffee9e58ff0 00007fff4d061e4e
0x00007ffee9e58fe0:   00007f97f6d319f8 00007f97f5bace00
0x00007ffee9e58ff0:   00007ffee9e59010 00007fff4d061c5b
0x00007ffee9e59000:   00007f97fa89e100 00007f97fabd4d50
0x00007ffee9e59010:   00007ffee9e59070 0000000127eafff3
0x00007ffee9e59020:   00007fff476fa53e 0000000000000000
0x00007ffee9e59030:   4087de64b1af317e 00007f97f5bace00
0x00007ffee9e59040:   00007ffee9e59070 00007fff70197e80
0x00007ffee9e59050:   00007f97f5576550 00007f97f7e5c070
0x00007ffee9e59060:   00007f97f55458a0 00007f97f5bace00
0x00007ffee9e59070:   00007ffee9e59120 00007fff5460f96e
0x00007ffee9e59080:   00007f97f5576550 0000000000000000
0x00007ffee9e59090:   0000000000000000 00007f97f5576550
0x00007ffee9e590a0:   0000000000000000 0000000000000000
0x00007ffee9e590b0:   00007ffee9e59100 0000000000000004
0x00007ffee9e590c0:   0000000000000000 4087de64b1af317e
0x00007ffee9e590d0:   0000000000000004 0000000000000000
0x00007ffee9e590e0:   0000000000000000 00007ffee9e59100
0x00007ffee9e590f0:   00007f97f5576550 00007fff70197e80
0x00007ffee9e59100:   0000000000000004 0000000000000000
0x00007ffee9e59110:   00007f97f5576550 00007fff476fa53e
0x00007ffee9e59120:   00007ffee9e59190 00007fff5460efcf
0x00007ffee9e59130:   0000000000000000 0000000000000000
0x00007ffee9e59140:   4096800000000000 4088b80000000000
0x00007ffee9e59150:   4088b80000000000 4096800000000000
0x00007ffee9e59160:   4000000000000000 00007ffee9e59260
0x00007ffee9e59170:   00007fff70197e80 0000000000000000
0x00007ffee9e59180:   00007fff476fc539 00007f97f7d38760 

Instructions: (pc=0x000000010696aa46)
0x000000010696aa26:   0e 48 8b 0b 49 8b 56 18 48 63 c0 48 89 0c c2 5b
0x000000010696aa36:   41 5e 5d c3 90 90 55 48 89 e5 41 56 53 48 8b 1f
0x000000010696aa46:   c7 83 70 02 00 00 05 00 00 00 48 8d 05 01 81 78
0x000000010696aa56:   00 8b 00 83 f8 01 41 89 f6 75 0c 48 8d 0d 4e ec 

Register to memory mapping:

RAX=0x0000000000000000 is an unknown value
RBX=0x0000000000000000 is an unknown value
RCX=0x0000000107031500: jni_NativeInterface+0 in /Library/Java/JavaVirtualMachines/jdk1.8.0_151.jdk/Contents/Home/jre/lib/server/libjvm.dylib at 0x0000000106800000
RDX=0x0000000000000000 is an unknown value
RSP=0x00007ffee9e58f90 is an unknown value
RBP=0x00007ffee9e58fa0 is an unknown value
RSI=0x0000000000000006 is an unknown value
RDI=0x00007ffee9e58fb0 is an unknown value
R8 =0x0000000000000000 is an unknown value
R9 =0x0000000000000000 is an unknown value
R10=0x00007fffa3e99ed8: OBJC_CLASS_$_JNFWeakJObjectWrapper+0 in /System/Library/Frameworks/JavaVM.framework/Versions/A/Frameworks/JavaNativeFoundation.framework/Versions/A/JavaNativeFoundation at 0x00007fff4d05b000
R11=0x00007f97fafa2fe0 is an unknown value
R12=0x00007f97f6d319f8 is an unknown value
R13=0x00007f97f7e5c070 is an unknown value
R14=0x00007f97fc97ddc8 is a weak global jni handle
R15=0x00007f97f6d319f8 is an unknown value


Stack: [0x00007ffee965d000,0x00007ffee9e5d000],  sp=0x00007ffee9e58f90,  free space=8175k
Native frames: (J=compiled Java code, j=interpreted, Vv=VM code, C=native code)
V  [libjvm.dylib+0x16aa46]
V  [libjvm.dylib+0x31515e]
C  [JavaNativeFoundation+0x6e4e]  -[JNFWeakJObjectWrapper _getWithEnv:]+0x26
C  [JavaNativeFoundation+0x6c5b]  -[JNFJObjectWrapper jObjectWithEnv:]+0x16
C  [libawt_lwawt.dylib+0x1aff3]  -[CGLLayer drawInCGLContext:pixelFormat:forLayerTime:displayTime:]+0xa4
C  [QuartzCore+0x7096e]  _ZL17CAOpenGLLayerDrawP13CAOpenGLLayerdPK11CVTimeStampj+0x7a7
C  [QuartzCore+0x6ffcf]  -[CAOpenGLLayer _display]+0x235
C  [QuartzCore+0x11d3b]  _ZN2CA5Layer17display_if_neededEPNS_11TransactionE+0x279
C  [QuartzCore+0x117f9]  _ZN2CA5Layer28layout_and_display_if_neededEPNS_11TransactionE+0x23
C  [QuartzCore+0x10894]  _ZN2CA7Context18commit_transactionEPNS_11TransactionE+0x146
C  [QuartzCore+0x1043d]  _ZN2CA11Transaction6commitEv+0x1e7
C  [QuartzCore+0x1bf32]  _ZN2CA11Transaction17observer_callbackEP19__CFRunLoopObservermPv+0x42
C  [CoreFoundation+0xa3127]  __CFRUNLOOP_IS_CALLING_OUT_TO_AN_OBSERVER_CALLBACK_FUNCTION__+0x17
C  [CoreFoundation+0xa304f]  __CFRunLoopDoObservers+0x20f
C  [CoreFoundation+0x85810]  __CFRunLoopRun+0x640
C  [CoreFoundation+0x84f43]  CFRunLoopRunSpecific+0x1e3
C  [java+0x6465]  CreateExecutionEnvironment+0x367
C  [java+0x218c]  JLI_Launch+0x7a0
C  [java+0x84c2]  main+0x65
C  [java+0x19e4]  start+0x34


---------------  P R O C E S S  ---------------

VM state:not at safepoint (normal execution)

VM Mutex/Monitor currently owned by a thread: None

Heap:
 PSYoungGen      total 526848K, used 34176K [0x000000076ab00000, 0x000000079ce80000, 0x00000007c0000000)
  eden space 481792K, 4% used [0x000000076ab00000,0x000000076be92428,0x0000000788180000)
  from space 45056K, 31% used [0x0000000788180000,0x0000000788f4ddb0,0x000000078ad80000)
  to   space 45056K, 0% used [0x000000079a280000,0x000000079a280000,0x000000079ce80000)
 ParOldGen       total 208896K, used 109068K [0x00000006c0000000, 0x00000006ccc00000, 0x000000076ab00000)
  object space 208896K, 52% used [0x00000006c0000000,0x00000006c6a830c0,0x00000006ccc00000)
 Metaspace       used 24495K, capacity 25408K, committed 25728K, reserved 1071104K
  class space    used 3144K, capacity 3385K, committed 3456K, reserved 1048576K

Card table byte_map: [0x00000001173e7000,0x0000000117be8000] byte_map_base: 0x0000000113de7000

Marking Bits: (ParMarkBitMap*) 0x00000001070f35d0
 Begin Bits: [0x0000000117be8000, 0x000000011bbe8000)
 End Bits:   [0x000000011bbe8000, 0x000000011fbe8000)

Polling page: 0x0000000105e51000

CodeCache: size=245760Kb used=11994Kb max_used=12124Kb free=233765Kb
 bounds [0x00000001083e7000, 0x0000000108fd7000, 0x00000001173e7000]
 total_blobs=4560 nmethods=3737 adapters=735
 compilation: enabled

Compilation events (10 events):
Event: 53,265 Thread 0x00007f97f6803000 4234 %     3       org.cwi.examine.internal.graphics.DrawManager::postPicking @ 45 (151 bytes)
Event: 53,268 Thread 0x00007f97f6803000 nmethod 4234% 0x0000000108a8bd10 code [0x0000000108a8bfa0, 0x0000000108a8d148]
Event: 53,482 Thread 0x00007f97f6803000 4235       3       org.cwi.examine.internal.graphics.DrawManager::postPicking (151 bytes)
Event: 53,483 Thread 0x00007f97f6803000 nmethod 4235 0x0000000108b9f990 code [0x0000000108b9fc20, 0x0000000108ba0ce8]
Event: 53,703 Thread 0x00007f97f6003000 4236       4       java.lang.Character::toUpperCase (9 bytes)
Event: 53,705 Thread 0x00007f97f6003000 nmethod 4236 0x0000000108bd49d0 code [0x0000000108bd4c00, 0x0000000108bd4d78]
Event: 53,721 Thread 0x00007f97f6803000 4237  s!   3       com.sun.javafx.tk.Toolkit::getToolkit (225 bytes)
Event: 53,726 Thread 0x00007f97f6803000 nmethod 4237 0x0000000108bcf8d0 code [0x0000000108bcfda0, 0x0000000108bd2dc8]
Event: 53,726 Thread 0x00007f97f6803000 4238       3       jdk.internal.org.objectweb.asm.ClassWriter::toByteArray (1289 bytes)
Event: 53,731 Thread 0x00007f97f6803000 nmethod 4238 0x0000000108bc8f90 code [0x0000000108bc97a0, 0x0000000108bcd558]

GC Heap History (10 events):
Event: 33,353 GC heap before
{Heap before GC invocations=6 (full 1):
 PSYoungGen      total 141824K, used 10733K [0x000000076ab00000, 0x0000000780100000, 0x00000007c0000000)
  eden space 131072K, 0% used [0x000000076ab00000,0x000000076ab00000,0x0000000772b00000)
  from space 10752K, 99% used [0x0000000772b00000,0x000000077357b590,0x0000000773580000)
  to   space 44032K, 0% used [0x000000077d600000,0x000000077d600000,0x0000000780100000)
 ParOldGen       total 175104K, used 99402K [0x00000006c0000000, 0x00000006cab00000, 0x000000076ab00000)
  object space 175104K, 56% used [0x00000006c0000000,0x00000006c6112bd0,0x00000006cab00000)
 Metaspace       used 20453K, capacity 21116K, committed 21296K, reserved 1067008K
  class space    used 2676K, capacity 2875K, committed 2944K, reserved 1048576K
Event: 33,424 GC heap after
Heap after GC invocations=6 (full 1):
 PSYoungGen      total 141824K, used 0K [0x000000076ab00000, 0x0000000780100000, 0x00000007c0000000)
  eden space 131072K, 0% used [0x000000076ab00000,0x000000076ab00000,0x0000000772b00000)
  from space 10752K, 0% used [0x0000000772b00000,0x0000000772b00000,0x0000000773580000)
  to   space 44032K, 0% used [0x000000077d600000,0x000000077d600000,0x0000000780100000)
 ParOldGen       total 208896K, used 106732K [0x00000006c0000000, 0x00000006ccc00000, 0x000000076ab00000)
  object space 208896K, 51% used [0x00000006c0000000,0x00000006c683b0a0,0x00000006ccc00000)
 Metaspace       used 20453K, capacity 21116K, committed 21296K, reserved 1067008K
  class space    used 2676K, capacity 2875K, committed 2944K, reserved 1048576K
}
Event: 34,724 GC heap before
{Heap before GC invocations=7 (full 1):
 PSYoungGen      total 141824K, used 131072K [0x000000076ab00000, 0x0000000780100000, 0x00000007c0000000)
  eden space 131072K, 100% used [0x000000076ab00000,0x0000000772b00000,0x0000000772b00000)
  from space 10752K, 0% used [0x0000000772b00000,0x0000000772b00000,0x0000000773580000)
  to   space 44032K, 0% used [0x000000077d600000,0x000000077d600000,0x0000000780100000)
 ParOldGen       total 208896K, used 106732K [0x00000006c0000000, 0x00000006ccc00000, 0x000000076ab00000)
  object space 208896K, 51% used [0x00000006c0000000,0x00000006c683b0a0,0x00000006ccc00000)
 Metaspace       used 23900K, capacity 24798K, committed 24960K, reserved 1071104K
  class space    used 3105K, capacity 3340K, committed 3456K, reserved 1048576K
Event: 34,731 GC heap after
Heap after GC invocations=7 (full 1):
 PSYoungGen      total 294912K, used 12159K [0x000000076ab00000, 0x000000077fe00000, 0x00000007c0000000)
  eden space 253952K, 0% used [0x000000076ab00000,0x000000076ab00000,0x000000077a300000)
  from space 40960K, 29% used [0x000000077d600000,0x000000077e1dfc50,0x000000077fe00000)
  to   space 46592K, 0% used [0x000000077a300000,0x000000077a300000,0x000000077d080000)
 ParOldGen       total 208896K, used 106740K [0x00000006c0000000, 0x00000006ccc00000, 0x000000076ab00000)
  object space 208896K, 51% used [0x00000006c0000000,0x00000006c683d0a0,0x00000006ccc00000)
 Metaspace       used 23900K, capacity 24798K, committed 24960K, reserved 1071104K
  class space    used 3105K, capacity 3340K, committed 3456K, reserved 1048576K
}
Event: 35,861 GC heap before
{Heap before GC invocations=8 (full 1):
 PSYoungGen      total 294912K, used 266111K [0x000000076ab00000, 0x000000077fe00000, 0x00000007c0000000)
  eden space 253952K, 100% used [0x000000076ab00000,0x000000077a300000,0x000000077a300000)
  from space 40960K, 29% used [0x000000077d600000,0x000000077e1dfc50,0x000000077fe00000)
  to   space 46592K, 0% used [0x000000077a300000,0x000000077a300000,0x000000077d080000)
 ParOldGen       total 208896K, used 106740K [0x00000006c0000000, 0x00000006ccc00000, 0x000000076ab00000)
  object space 208896K, 51% used [0x00000006c0000000,0x00000006c683d0a0,0x00000006ccc00000)
 Metaspace       used 24124K, capacity 25086K, committed 25216K, reserved 1071104K
  class space    used 3121K, capacity 3372K, committed 3456K, reserved 1048576K
Event: 35,866 GC heap after
Heap after GC invocations=8 (full 1):
 PSYoungGen      total 300544K, used 9591K [0x000000076ab00000, 0x000000078e400000, 0x00000007c0000000)
  eden space 253952K, 0% used [0x000000076ab00000,0x000000076ab00000,0x000000077a300000)
  from space 46592K, 20% used [0x000000077a300000,0x000000077ac5dd40,0x000000077d080000)
  to   space 47616K, 0% used [0x000000078b580000,0x000000078b580000,0x000000078e400000)
 ParOldGen       total 208896K, used 106748K [0x00000006c0000000, 0x00000006ccc00000, 0x000000076ab00000)
  object space 208896K, 51% used [0x00000006c0000000,0x00000006c683f0a0,0x00000006ccc00000)
 Metaspace       used 24124K, capacity 25086K, committed 25216K, reserved 1071104K
  class space    used 3121K, capacity 3372K, committed 3456K, reserved 1048576K
}
Event: 41,199 GC heap before
{Heap before GC invocations=9 (full 1):
 PSYoungGen      total 300544K, used 263543K [0x000000076ab00000, 0x000000078e400000, 0x00000007c0000000)
  eden space 253952K, 100% used [0x000000076ab00000,0x000000077a300000,0x000000077a300000)
  from space 46592K, 20% used [0x000000077a300000,0x000000077ac5dd40,0x000000077d080000)
  to   space 47616K, 0% used [0x000000078b580000,0x000000078b580000,0x000000078e400000)
 ParOldGen       total 208896K, used 106748K [0x00000006c0000000, 0x00000006ccc00000, 0x000000076ab00000)
  object space 208896K, 51% used [0x00000006c0000000,0x00000006c683f0a0,0x00000006ccc00000)
 Metaspace       used 24273K, capacity 25220K, committed 25472K, reserved 1071104K
  class space    used 3123K, capacity 3373K, committed 3456K, reserved 1048576K
Event: 41,212 GC heap after
Heap after GC invocations=9 (full 1):
 PSYoungGen      total 518656K, used 25516K [0x000000076ab00000, 0x000000078d980000, 0x00000007c0000000)
  eden space 481792K, 0% used [0x000000076ab00000,0x000000076ab00000,0x0000000788180000)
  from space 36864K, 69% used [0x000000078b580000,0x000000078ce6b1b8,0x000000078d980000)
  to   space 45056K, 0% used [0x0000000788180000,0x0000000788180000,0x000000078ad80000)
 ParOldGen       total 208896K, used 106756K [0x00000006c0000000, 0x00000006ccc00000, 0x000000076ab00000)
  object space 208896K, 51% used [0x00000006c0000000,0x00000006c68410a0,0x00000006ccc00000)
 Metaspace       used 24273K, capacity 25220K, committed 25472K, reserved 1071104K
  class space    used 3123K, capacity 3373K, committed 3456K, reserved 1048576K
}
Event: 53,540 GC heap before
{Heap before GC invocations=10 (full 1):
 PSYoungGen      total 518656K, used 507308K [0x000000076ab00000, 0x000000078d980000, 0x00000007c0000000)
  eden space 481792K, 100% used [0x000000076ab00000,0x0000000788180000,0x0000000788180000)
  from space 36864K, 69% used [0x000000078b580000,0x000000078ce6b1b8,0x000000078d980000)
  to   space 45056K, 0% used [0x0000000788180000,0x0000000788180000,0x000000078ad80000)
 ParOldGen       total 208896K, used 106756K [0x00000006c0000000, 0x00000006ccc00000, 0x000000076ab00000)
  object space 208896K, 51% used [0x00000006c0000000,0x00000006c68410a0,0x00000006ccc00000)
 Metaspace       used 24407K, capacity 25288K, committed 25472K, reserved 1071104K
  class space    used 3123K, capacity 3373K, committed 3456K, reserved 1048576K
Event: 53,548 GC heap after
Heap after GC invocations=10 (full 1):
 PSYoungGen      total 526848K, used 14135K [0x000000076ab00000, 0x000000079ce80000, 0x00000007c0000000)
  eden space 481792K, 0% used [0x000000076ab00000,0x000000076ab00000,0x0000000788180000)
  from space 45056K, 31% used [0x0000000788180000,0x0000000788f4ddb0,0x000000078ad80000)
  to   space 45056K, 0% used [0x000000079a280000,0x000000079a280000,0x000000079ce80000)
 ParOldGen       total 208896K, used 109068K [0x00000006c0000000, 0x00000006ccc00000, 0x000000076ab00000)
  object space 208896K, 52% used [0x00000006c0000000,0x00000006c6a830c0,0x00000006ccc00000)
 Metaspace       used 24407K, capacity 25288K, committed 25472K, reserved 1071104K
  class space    used 3123K, capacity 3373K, committed 3456K, reserved 1048576K
}

Deoptimization events (10 events):
Event: 39,866 Thread 0x00007f97f70ac800 Uncommon trap: reason=class_check action=maybe_recompile pc=0x0000000108f47b5c method=org.cwi.examine.internal.graphics.StaticGraphics.snippets(Ljava/util/Collection;)V @ 22
Event: 39,867 Thread 0x00007f97f70ac800 Uncommon trap: reason=class_check action=maybe_recompile pc=0x0000000108f47b5c method=org.cwi.examine.internal.graphics.StaticGraphics.snippets(Ljava/util/Collection;)V @ 22
Event: 39,983 Thread 0x00007f97f70ac800 Uncommon trap: reason=class_check action=maybe_recompile pc=0x0000000108ee3e14 method=org.cwi.examine.internal.graphics.StaticGraphics.snippets(Ljava/util/Collection;)V @ 22
Event: 51,280 Thread 0x00007f97f70ac800 Uncommon trap: reason=class_check action=maybe_recompile pc=0x0000000108a4a7f0 method=org.cwi.examine.internal.graphics.DrawManager.postPicking()V @ 90
Event: 51,346 Thread 0x00007f97f70ac800 Uncommon trap: reason=class_check action=maybe_recompile pc=0x0000000108a4a7f0 method=org.cwi.examine.internal.graphics.DrawManager.postPicking()V @ 90
Event: 51,411 Thread 0x00007f97f70ac800 Uncommon trap: reason=class_check action=maybe_recompile pc=0x0000000108a4a7f0 method=org.cwi.examine.internal.graphics.DrawManager.postPicking()V @ 90
Event: 51,479 Thread 0x00007f97f70ac800 Uncommon trap: reason=class_check action=maybe_recompile pc=0x0000000108a4a7f0 method=org.cwi.examine.internal.graphics.DrawManager.postPicking()V @ 90
Event: 51,548 Thread 0x00007f97f70ac800 Uncommon trap: reason=class_check action=maybe_recompile pc=0x000000010859d178 method=org.cwi.examine.internal.graphics.DrawManager.postPicking()V @ 90
Event: 51,623 Thread 0x00007f97f70ac800 Uncommon trap: reason=class_check action=maybe_recompile pc=0x0000000108634b30 method=org.cwi.examine.internal.graphics.DrawManager.postPicking()V @ 126
Event: 53,038 Thread 0x00007f97f70ac800 Uncommon trap: reason=class_check action=maybe_recompile pc=0x0000000108634b30 method=org.cwi.examine.internal.graphics.DrawManager.postPicking()V @ 126

Internal exceptions (10 events):
Event: 33,784 Thread 0x00007f97f6d31800 Exception <a 'java/lang/ClassNotFoundException': org/cwi/examine/internal/data/domain/NodeBeanInfo> (0x000000076b0772e0) thrown at [/Users/java_re/workspace/8-2-build-macosx-x86_64/jdk8u151/9699/hotspot/src/share/vm/classfile/systemDictionary.cpp, line 21
Event: 33,784 Thread 0x00007f97f6d31800 Exception <a 'java/lang/ClassNotFoundException': org/cwi/examine/internal/data/domain/ElementBeanInfo> (0x000000076b07c3c8) thrown at [/Users/java_re/workspace/8-2-build-macosx-x86_64/jdk8u151/9699/hotspot/src/share/vm/classfile/systemDictionary.cpp, line
Event: 33,784 Thread 0x00007f97f6d31800 Exception <a 'java/lang/ClassNotFoundException': org/cwi/examine/internal/data/domain/ElementCustomizer> (0x000000076b0814f8) thrown at [/Users/java_re/workspace/8-2-build-macosx-x86_64/jdk8u151/9699/hotspot/src/share/vm/classfile/systemDictionary.cpp, li
Event: 33,785 Thread 0x00007f97f6d31800 Exception <a 'java/lang/ClassNotFoundException': org/cwi/examine/internal/data/domain/NodeCustomizer> (0x000000076b091f90) thrown at [/Users/java_re/workspace/8-2-build-macosx-x86_64/jdk8u151/9699/hotspot/src/share/vm/classfile/systemDictionary.cpp, line 
Event: 33,787 Thread 0x00007f97f6d31800 Exception <a 'java/lang/ClassNotFoundException': java/lang/StringEditor> (0x000000076b0a48a8) thrown at [/Users/java_re/workspace/8-2-build-macosx-x86_64/jdk8u151/9699/hotspot/src/share/vm/classfile/systemDictionary.cpp, line 210]
Event: 33,797 Thread 0x00007f97f6d31800 Exception <a 'java/lang/ClassNotFoundException': org/cwi/examine/internal/data/domain/AnnotationBeanInfo> (0x000000076b1023b0) thrown at [/Users/java_re/workspace/8-2-build-macosx-x86_64/jdk8u151/9699/hotspot/src/share/vm/classfile/systemDictionary.cpp, l
Event: 33,797 Thread 0x00007f97f6d31800 Exception <a 'java/lang/ClassNotFoundException': org/cwi/examine/internal/data/domain/AnnotationCustomizer> (0x000000076b1ab440) thrown at [/Users/java_re/workspace/8-2-build-macosx-x86_64/jdk8u151/9699/hotspot/src/share/vm/classfile/systemDictionary.cpp,
Event: 33,798 Thread 0x00007f97f6d31800 Exception <a 'java/lang/ClassNotFoundException': java/lang/StringEditor> (0x000000076b1b3530) thrown at [/Users/java_re/workspace/8-2-build-macosx-x86_64/jdk8u151/9699/hotspot/src/share/vm/classfile/systemDictionary.cpp, line 210]
Event: 33,808 Thread 0x00007f97f6d31800 Exception <a 'java/lang/ClassNotFoundException': java/lang/StringEditor> (0x000000076b2521d8) thrown at [/Users/java_re/workspace/8-2-build-macosx-x86_64/jdk8u151/9699/hotspot/src/share/vm/classfile/systemDictionary.cpp, line 210]
Event: 34,732 Thread 0x00007f97f5847000 Exception <a 'java/lang/NullPointerException'> (0x000000076afffd60) thrown at [/Users/java_re/workspace/8-2-build-macosx-x86_64/jdk8u151/9699/hotspot/src/share/vm/interpreter/linkResolver.cpp, line 1183]

Events (10 events):
Event: 53,715 loading class javafx/application/Application done
Event: 53,726 loading class com/sun/javafx/tk/quantum/QuantumRenderer
Event: 53,726 loading class com/sun/javafx/tk/quantum/QuantumRenderer done
Event: 53,727 loading class com/sun/javafx/tk/quantum/QuantumToolkit
Event: 53,727 loading class com/sun/javafx/tk/quantum/QuantumToolkit done
Event: 53,727 Thread 0x00007f97f5d75000 Thread exited: 0x00007f97f5d75000
Event: 53,728 Thread 0x00007f97f5c7c000 Thread exited: 0x00007f97f5c7c000
Event: 53,728 Thread 0x00007f97f6d31800 Thread exited: 0x00007f97f6d31800
Event: 53,728 Thread 0x00007f97f7006800 Thread exited: 0x00007f97f7006800
Event: 53,728 Thread 0x00007f97f6426800 Thread added: 0x00007f97f6426800


Dynamic libraries:
0x0000000021a55000 	/System/Library/Frameworks/Cocoa.framework/Versions/A/Cocoa
0x0000000021a55000 	/System/Library/Frameworks/Security.framework/Versions/A/Security
0x0000000021a55000 	/System/Library/Frameworks/ApplicationServices.framework/Versions/A/ApplicationServices
0x0000000021a55000 	/usr/lib/libz.1.dylib
0x0000000021a55000 	/usr/lib/libSystem.B.dylib
0x0000000021a55000 	/usr/lib/libobjc.A.dylib
0x0000000021a55000 	/System/Library/Frameworks/CoreFoundation.framework/Versions/A/CoreFoundation
0x0000000021a55000 	/System/Library/Frameworks/Foundation.framework/Versions/C/Foundation
0x0000000021a55000 	/System/Library/Frameworks/AppKit.framework/Versions/C/AppKit
0x0000000021a55000 	/System/Library/Frameworks/CoreData.framework/Versions/A/CoreData
0x0000000021a55000 	/System/Library/PrivateFrameworks/RemoteViewServices.framework/Versions/A/RemoteViewServices
0x0000000021a55000 	/System/Library/PrivateFrameworks/UIFoundation.framework/Versions/A/UIFoundation
0x0000000021a55000 	/System/Library/PrivateFrameworks/DFRFoundation.framework/Versions/A/DFRFoundation
0x0000000021a55000 	/System/Library/Frameworks/Metal.framework/Versions/A/Metal
0x0000000021a55000 	/System/Library/PrivateFrameworks/DesktopServicesPriv.framework/Versions/A/DesktopServicesPriv
0x0000000021a55000 	/usr/lib/libenergytrace.dylib
0x0000000021a55000 	/System/Library/PrivateFrameworks/SkyLight.framework/Versions/A/SkyLight
0x0000000021a55000 	/System/Library/Frameworks/CoreGraphics.framework/Versions/A/CoreGraphics
0x0000000021a55000 	/usr/lib/libScreenReader.dylib
0x0000000021a55000 	/System/Library/Frameworks/Accelerate.framework/Versions/A/Accelerate
0x0000000021a55000 	/System/Library/Frameworks/IOSurface.framework/Versions/A/IOSurface
0x0000000021a55000 	/System/Library/Frameworks/AudioToolbox.framework/Versions/A/AudioToolbox
0x0000000021a55000 	/System/Library/Frameworks/AudioUnit.framework/Versions/A/AudioUnit
0x0000000021a55000 	/System/Library/PrivateFrameworks/DataDetectorsCore.framework/Versions/A/DataDetectorsCore
0x0000000021a55000 	/System/Library/Frameworks/Carbon.framework/Versions/A/Frameworks/HIToolbox.framework/Versions/A/HIToolbox
0x0000000021a55000 	/usr/lib/libicucore.A.dylib
0x0000000021a55000 	/System/Library/Frameworks/QuartzCore.framework/Versions/A/QuartzCore
0x0000000021a55000 	/System/Library/Frameworks/Carbon.framework/Versions/A/Frameworks/SpeechRecognition.framework/Versions/A/SpeechRecognition
0x0000000021a55000 	/usr/lib/libauto.dylib
0x0000000021a55000 	/usr/lib/libxml2.2.dylib
0x0000000021a55000 	/System/Library/PrivateFrameworks/CoreUI.framework/Versions/A/CoreUI
0x0000000021a55000 	/System/Library/Frameworks/CoreAudio.framework/Versions/A/CoreAudio
0x0000000021a55000 	/System/Library/Frameworks/DiskArbitration.framework/Versions/A/DiskArbitration
0x0000000021a55000 	/usr/lib/liblangid.dylib
0x0000000021a55000 	/System/Library/PrivateFrameworks/MultitouchSupport.framework/Versions/A/MultitouchSupport
0x0000000021a55000 	/System/Library/Frameworks/IOKit.framework/Versions/A/IOKit
0x0000000021a55000 	/usr/lib/libDiagnosticMessagesClient.dylib
0x0000000021a55000 	/System/Library/Frameworks/CoreServices.framework/Versions/A/CoreServices
0x0000000021a55000 	/System/Library/PrivateFrameworks/PerformanceAnalysis.framework/Versions/A/PerformanceAnalysis
0x0000000021a55000 	/System/Library/Frameworks/OpenGL.framework/Versions/A/OpenGL
0x0000000021a55000 	/System/Library/Frameworks/ColorSync.framework/Versions/A/ColorSync
0x0000000021a55000 	/System/Library/Frameworks/CoreImage.framework/Versions/A/CoreImage
0x0000000021a55000 	/System/Library/Frameworks/CoreText.framework/Versions/A/CoreText
0x0000000021a55000 	/System/Library/Frameworks/ImageIO.framework/Versions/A/ImageIO
0x0000000021a55000 	/System/Library/PrivateFrameworks/Backup.framework/Versions/A/Backup
0x0000000021a55000 	/usr/lib/libarchive.2.dylib
0x0000000021a55000 	/System/Library/Frameworks/CFNetwork.framework/Versions/A/CFNetwork
0x0000000021a55000 	/System/Library/Frameworks/SystemConfiguration.framework/Versions/A/SystemConfiguration
0x0000000021a55000 	/usr/lib/libCRFSuite.dylib
0x0000000021a55000 	/usr/lib/libc++.1.dylib
0x0000000021a55000 	/usr/lib/libc++abi.dylib
0x0000000021a55000 	/usr/lib/system/libcache.dylib
0x0000000021a55000 	/usr/lib/system/libcommonCrypto.dylib
0x0000000021a55000 	/usr/lib/system/libcompiler_rt.dylib
0x0000000021a55000 	/usr/lib/system/libcopyfile.dylib
0x0000000021a55000 	/usr/lib/system/libcorecrypto.dylib
0x0000000021a55000 	/usr/lib/system/libdispatch.dylib
0x0000000021a55000 	/usr/lib/system/libdyld.dylib
0x0000000021a55000 	/usr/lib/system/libkeymgr.dylib
0x0000000021a55000 	/usr/lib/system/liblaunch.dylib
0x0000000021a55000 	/usr/lib/system/libmacho.dylib
0x0000000021a55000 	/usr/lib/system/libquarantine.dylib
0x0000000021a55000 	/usr/lib/system/libremovefile.dylib
0x0000000021a55000 	/usr/lib/system/libsystem_asl.dylib
0x0000000021a55000 	/usr/lib/system/libsystem_blocks.dylib
0x0000000021a55000 	/usr/lib/system/libsystem_c.dylib
0x0000000021a55000 	/usr/lib/system/libsystem_configuration.dylib
0x0000000021a55000 	/usr/lib/system/libsystem_coreservices.dylib
0x0000000021a55000 	/usr/lib/system/libsystem_darwin.dylib
0x0000000021a55000 	/usr/lib/system/libsystem_dnssd.dylib
0x0000000021a55000 	/usr/lib/system/libsystem_info.dylib
0x0000000021a55000 	/usr/lib/system/libsystem_m.dylib
0x0000000021a55000 	/usr/lib/system/libsystem_malloc.dylib
0x0000000021a55000 	/usr/lib/system/libsystem_network.dylib
0x0000000021a55000 	/usr/lib/system/libsystem_networkextension.dylib
0x0000000021a55000 	/usr/lib/system/libsystem_notify.dylib
0x0000000021a55000 	/usr/lib/system/libsystem_sandbox.dylib
0x0000000021a55000 	/usr/lib/system/libsystem_secinit.dylib
0x0000000021a55000 	/usr/lib/system/libsystem_kernel.dylib
0x0000000021a55000 	/usr/lib/system/libsystem_platform.dylib
0x0000000021a55000 	/usr/lib/system/libsystem_pthread.dylib
0x0000000021a55000 	/usr/lib/system/libsystem_symptoms.dylib
0x0000000021a55000 	/usr/lib/system/libsystem_trace.dylib
0x0000000021a55000 	/usr/lib/system/libunwind.dylib
0x0000000021a55000 	/usr/lib/system/libxpc.dylib
0x0000000021a55000 	/usr/lib/closure/libclosured.dylib
0x0000000021a55000 	/usr/lib/libbsm.0.dylib
0x0000000021a55000 	/usr/lib/system/libkxld.dylib
0x0000000021a55000 	/usr/lib/libOpenScriptingUtil.dylib
0x0000000021a55000 	/usr/lib/libcoretls.dylib
0x0000000021a55000 	/usr/lib/libcoretls_cfhelpers.dylib
0x0000000021a55000 	/usr/lib/libpam.2.dylib
0x0000000021a55000 	/usr/lib/libsqlite3.dylib
0x0000000021a55000 	/usr/lib/libxar.1.dylib
0x0000000021a55000 	/usr/lib/libbz2.1.0.dylib
0x0000000021a55000 	/usr/lib/liblzma.5.dylib
0x0000000021a55000 	/usr/lib/libnetwork.dylib
0x0000000021a55000 	/usr/lib/libapple_nghttp2.dylib
0x0000000021a55000 	/usr/lib/libpcap.A.dylib
0x0000000021a55000 	/usr/lib/libboringssl.dylib
0x0000000021a55000 	/usr/lib/libusrtcp.dylib
0x0000000021a55000 	/usr/lib/libapple_crypto.dylib
0x0000000021a55000 	/System/Library/Frameworks/CoreServices.framework/Versions/A/Frameworks/FSEvents.framework/Versions/A/FSEvents
0x0000000021a55000 	/System/Library/Frameworks/CoreServices.framework/Versions/A/Frameworks/CarbonCore.framework/Versions/A/CarbonCore
0x0000000021a55000 	/System/Library/Frameworks/CoreServices.framework/Versions/A/Frameworks/Metadata.framework/Versions/A/Metadata
0x0000000021a55000 	/System/Library/Frameworks/CoreServices.framework/Versions/A/Frameworks/OSServices.framework/Versions/A/OSServices
0x0000000021a55000 	/System/Library/Frameworks/CoreServices.framework/Versions/A/Frameworks/SearchKit.framework/Versions/A/SearchKit
0x0000000021a55000 	/System/Library/Frameworks/CoreServices.framework/Versions/A/Frameworks/AE.framework/Versions/A/AE
0x0000000021a55000 	/System/Library/Frameworks/CoreServices.framework/Versions/A/Frameworks/LaunchServices.framework/Versions/A/LaunchServices
0x0000000021a55000 	/System/Library/Frameworks/CoreServices.framework/Versions/A/Frameworks/DictionaryServices.framework/Versions/A/DictionaryServices
0x0000000021a55000 	/System/Library/Frameworks/CoreServices.framework/Versions/A/Frameworks/SharedFileList.framework/Versions/A/SharedFileList
0x0000000021a55000 	/System/Library/Frameworks/NetFS.framework/Versions/A/NetFS
0x0000000021a55000 	/System/Library/PrivateFrameworks/NetAuth.framework/Versions/A/NetAuth
0x0000000021a55000 	/System/Library/PrivateFrameworks/login.framework/Versions/A/Frameworks/loginsupport.framework/Versions/A/loginsupport
0x0000000021a55000 	/System/Library/PrivateFrameworks/TCC.framework/Versions/A/TCC
0x0000000021a55000 	/usr/lib/libmecabra.dylib
0x0000000021a55000 	/System/Library/Frameworks/ApplicationServices.framework/Versions/A/Frameworks/ATS.framework/Versions/A/ATS
0x0000000021a55000 	/System/Library/Frameworks/ApplicationServices.framework/Versions/A/Frameworks/ColorSyncLegacy.framework/Versions/A/ColorSyncLegacy
0x0000000021a55000 	/System/Library/Frameworks/ApplicationServices.framework/Versions/A/Frameworks/HIServices.framework/Versions/A/HIServices
0x0000000021a55000 	/System/Library/Frameworks/ApplicationServices.framework/Versions/A/Frameworks/LangAnalysis.framework/Versions/A/LangAnalysis
0x0000000021a55000 	/System/Library/Frameworks/ApplicationServices.framework/Versions/A/Frameworks/PrintCore.framework/Versions/A/PrintCore
0x0000000021a55000 	/System/Library/Frameworks/ApplicationServices.framework/Versions/A/Frameworks/QD.framework/Versions/A/QD
0x0000000021a55000 	/System/Library/Frameworks/ApplicationServices.framework/Versions/A/Frameworks/SpeechSynthesis.framework/Versions/A/SpeechSynthesis
0x0000000021a55000 	/System/Library/Frameworks/CoreDisplay.framework/Versions/A/CoreDisplay
0x0000000021a55000 	/System/Library/Frameworks/Accelerate.framework/Versions/A/Frameworks/vImage.framework/Versions/A/vImage
0x0000000021a55000 	/System/Library/Frameworks/Accelerate.framework/Versions/A/Frameworks/vecLib.framework/Versions/A/vecLib
0x0000000021a55000 	/System/Library/Frameworks/Accelerate.framework/Versions/A/Frameworks/vecLib.framework/Versions/A/libvDSP.dylib
0x0000000021a55000 	/System/Library/Frameworks/Accelerate.framework/Versions/A/Frameworks/vecLib.framework/Versions/A/libBNNS.dylib
0x0000000021a55000 	/System/Library/Frameworks/Accelerate.framework/Versions/A/Frameworks/vecLib.framework/Versions/A/libQuadrature.dylib
0x0000000021a55000 	/System/Library/Frameworks/Accelerate.framework/Versions/A/Frameworks/vecLib.framework/Versions/A/libvMisc.dylib
0x0000000021a55000 	/System/Library/Frameworks/Accelerate.framework/Versions/A/Frameworks/vecLib.framework/Versions/A/libLAPACK.dylib
0x0000000021a55000 	/System/Library/Frameworks/Accelerate.framework/Versions/A/Frameworks/vecLib.framework/Versions/A/libBLAS.dylib
0x0000000021a55000 	/System/Library/Frameworks/Accelerate.framework/Versions/A/Frameworks/vecLib.framework/Versions/A/libLinearAlgebra.dylib
0x0000000021a55000 	/System/Library/Frameworks/Accelerate.framework/Versions/A/Frameworks/vecLib.framework/Versions/A/libSparse.dylib
0x0000000021a55000 	/System/Library/Frameworks/Accelerate.framework/Versions/A/Frameworks/vecLib.framework/Versions/A/libSparseBLAS.dylib
0x0000000021a55000 	/System/Library/PrivateFrameworks/IOAccelerator.framework/Versions/A/IOAccelerator
0x0000000021a55000 	/System/Library/PrivateFrameworks/IOPresentment.framework/Versions/A/IOPresentment
0x0000000021a55000 	/System/Library/PrivateFrameworks/DSExternalDisplay.framework/Versions/A/DSExternalDisplay
0x0000000021a55000 	/System/Library/Frameworks/OpenGL.framework/Versions/A/Libraries/libCoreFSCache.dylib
0x0000000021a55000 	/System/Library/Frameworks/CoreVideo.framework/Versions/A/CoreVideo
0x0000000021a55000 	/System/Library/PrivateFrameworks/GraphVisualizer.framework/Versions/A/GraphVisualizer
0x0000000021a55000 	/System/Library/Frameworks/MetalPerformanceShaders.framework/Versions/A/MetalPerformanceShaders
0x0000000021a55000 	/usr/lib/libFosl_dynamic.dylib
0x0000000021a55000 	/System/Library/PrivateFrameworks/FaceCore.framework/Versions/A/FaceCore
0x0000000021a55000 	/System/Library/Frameworks/OpenCL.framework/Versions/A/OpenCL
0x0000000021a55000 	/usr/lib/libcompression.dylib
0x0000000021a55000 	/System/Library/Frameworks/ApplicationServices.framework/Versions/A/Frameworks/ATS.framework/Versions/A/Resources/libFontParser.dylib
0x0000000021a55000 	/System/Library/Frameworks/ApplicationServices.framework/Versions/A/Frameworks/ATS.framework/Versions/A/Resources/libFontRegistry.dylib
0x0000000021a55000 	/System/Library/Frameworks/ImageIO.framework/Versions/A/Resources/libJPEG.dylib
0x0000000021a55000 	/System/Library/Frameworks/ImageIO.framework/Versions/A/Resources/libTIFF.dylib
0x0000000021a55000 	/System/Library/Frameworks/ImageIO.framework/Versions/A/Resources/libPng.dylib
0x0000000021a55000 	/System/Library/Frameworks/ImageIO.framework/Versions/A/Resources/libGIF.dylib
0x0000000021a55000 	/System/Library/Frameworks/ImageIO.framework/Versions/A/Resources/libJP2.dylib
0x0000000021a55000 	/System/Library/Frameworks/ImageIO.framework/Versions/A/Resources/libRadiance.dylib
0x0000000021a55000 	/System/Library/PrivateFrameworks/AppleJPEG.framework/Versions/A/AppleJPEG
0x0000000021a55000 	/System/Library/PrivateFrameworks/MetalTools.framework/Versions/A/MetalTools
0x0000000021a55000 	/System/Library/Frameworks/MetalPerformanceShaders.framework/Frameworks/MPSCore.framework/Versions/A/MPSCore
0x0000000021a55000 	/System/Library/Frameworks/MetalPerformanceShaders.framework/Frameworks/MPSImage.framework/Versions/A/MPSImage
0x0000000021a55000 	/System/Library/Frameworks/MetalPerformanceShaders.framework/Frameworks/MPSMatrix.framework/Versions/A/MPSMatrix
0x0000000021a55000 	/System/Library/Frameworks/MetalPerformanceShaders.framework/Frameworks/MPSNeuralNetwork.framework/Versions/A/MPSNeuralNetwork
0x0000000021a55000 	/System/Library/Frameworks/OpenGL.framework/Versions/A/Libraries/libGLU.dylib
0x0000000021a55000 	/System/Library/Frameworks/OpenGL.framework/Versions/A/Libraries/libGFXShared.dylib
0x0000000021a55000 	/System/Library/Frameworks/OpenGL.framework/Versions/A/Libraries/libGL.dylib
0x0000000021a55000 	/System/Library/Frameworks/OpenGL.framework/Versions/A/Libraries/libGLImage.dylib
0x0000000021a55000 	/System/Library/Frameworks/OpenGL.framework/Versions/A/Libraries/libCVMSPluginSupport.dylib
0x0000000021a55000 	/System/Library/Frameworks/OpenGL.framework/Versions/A/Libraries/libCoreVMClient.dylib
0x0000000021a55000 	/usr/lib/libcups.2.dylib
0x0000000021a55000 	/System/Library/Frameworks/Kerberos.framework/Versions/A/Kerberos
0x0000000021a55000 	/System/Library/Frameworks/GSS.framework/Versions/A/GSS
0x0000000021a55000 	/usr/lib/libresolv.9.dylib
0x0000000021a55000 	/usr/lib/libiconv.2.dylib
0x0000000021a55000 	/System/Library/PrivateFrameworks/Heimdal.framework/Versions/A/Heimdal
0x0000000021a55000 	/usr/lib/libheimdal-asn1.dylib
0x0000000021a55000 	/System/Library/Frameworks/OpenDirectory.framework/Versions/A/OpenDirectory
0x0000000021a55000 	/System/Library/PrivateFrameworks/CommonAuth.framework/Versions/A/CommonAuth
0x0000000021a55000 	/System/Library/Frameworks/OpenDirectory.framework/Versions/A/Frameworks/CFOpenDirectory.framework/Versions/A/CFOpenDirectory
0x0000000021a55000 	/System/Library/Frameworks/SecurityFoundation.framework/Versions/A/SecurityFoundation
0x0000000021a55000 	/System/Library/PrivateFrameworks/APFS.framework/Versions/A/APFS
0x0000000021a55000 	/usr/lib/libutil.dylib
0x0000000021a55000 	/System/Library/PrivateFrameworks/AppleSauce.framework/Versions/A/AppleSauce
0x0000000021a55000 	/System/Library/PrivateFrameworks/LinguisticData.framework/Versions/A/LinguisticData
0x0000000021a55000 	/usr/lib/libmarisa.dylib
0x0000000021a55000 	/System/Library/PrivateFrameworks/Lexicon.framework/Versions/A/Lexicon
0x0000000021a55000 	/usr/lib/libChineseTokenizer.dylib
0x0000000021a55000 	/usr/lib/libcmph.dylib
0x0000000021a55000 	/System/Library/PrivateFrameworks/LanguageModeling.framework/Versions/A/LanguageModeling
0x0000000021a55000 	/System/Library/PrivateFrameworks/CoreEmoji.framework/Versions/A/CoreEmoji
0x0000000021a55000 	/System/Library/Frameworks/ServiceManagement.framework/Versions/A/ServiceManagement
0x0000000021a55000 	/System/Library/PrivateFrameworks/BackgroundTaskManagement.framework/Versions/A/BackgroundTaskManagement
0x0000000021a55000 	/usr/lib/libxslt.1.dylib
0x0000000021a55000 	/System/Library/Frameworks/Carbon.framework/Versions/A/Frameworks/Ink.framework/Versions/A/Ink
0x0000000021a55000 	/System/Library/PrivateFrameworks/TextureIO.framework/Versions/A/TextureIO
0x0000000021a55000 	/usr/lib/libate.dylib
0x0000000021a55000 	/System/Library/PrivateFrameworks/CrashReporterSupport.framework/Versions/A/CrashReporterSupport
0x0000000021a55000 	/System/Library/PrivateFrameworks/Sharing.framework/Versions/A/Sharing
0x0000000021a55000 	/System/Library/PrivateFrameworks/IconServices.framework/Versions/A/IconServices
0x0000000021a55000 	/System/Library/PrivateFrameworks/ProtocolBuffer.framework/Versions/A/ProtocolBuffer
0x0000000021a55000 	/System/Library/PrivateFrameworks/Apple80211.framework/Versions/A/Apple80211
0x0000000021a55000 	/System/Library/Frameworks/CoreWLAN.framework/Versions/A/CoreWLAN
0x0000000021a55000 	/System/Library/PrivateFrameworks/CoreUtils.framework/Versions/A/CoreUtils
0x0000000021a55000 	/System/Library/Frameworks/IOBluetooth.framework/Versions/A/IOBluetooth
0x0000000021a55000 	/System/Library/PrivateFrameworks/CoreWiFi.framework/Versions/A/CoreWiFi
0x0000000021a55000 	/System/Library/Frameworks/CoreBluetooth.framework/Versions/A/CoreBluetooth
0x0000000021a55000 	/System/Library/PrivateFrameworks/SignpostNotification.framework/Versions/A/SignpostNotification
0x0000000021a55000 	/System/Library/PrivateFrameworks/DebugSymbols.framework/Versions/A/DebugSymbols
0x0000000021a55000 	/System/Library/PrivateFrameworks/CoreSymbolication.framework/Versions/A/CoreSymbolication
0x0000000021a55000 	/System/Library/PrivateFrameworks/Symbolication.framework/Versions/A/Symbolication
0x0000000021a55000 	/System/Library/PrivateFrameworks/AppleFSCompression.framework/Versions/A/AppleFSCompression
0x0000000021a55000 	/System/Library/PrivateFrameworks/SpeechRecognitionCore.framework/Versions/A/SpeechRecognitionCore
0x0000000106800000 	/Library/Java/JavaVirtualMachines/jdk1.8.0_151.jdk/Contents/Home/jre/lib/server/libjvm.dylib
0x0000000021a55000 	/usr/lib/libstdc++.6.0.9.dylib
0x0000000105e0e000 	/Library/Java/JavaVirtualMachines/jdk1.8.0_151.jdk/Contents/Home/jre/lib/libverify.dylib
0x0000000105e1c000 	/Library/Java/JavaVirtualMachines/jdk1.8.0_151.jdk/Contents/Home/jre/lib/libjava.dylib
0x0000000105e9b000 	/Library/Java/JavaVirtualMachines/jdk1.8.0_151.jdk/Contents/Home/jre/lib/libzip.dylib
0x0000000021a55000 	/System/Library/Frameworks/JavaVM.framework/Versions/A/Frameworks/JavaRuntimeSupport.framework/Versions/A/JavaRuntimeSupport
0x0000000021a55000 	/System/Library/Frameworks/JavaVM.framework/Versions/A/Frameworks/JavaNativeFoundation.framework/Versions/A/JavaNativeFoundation
0x0000000021a55000 	/System/Library/Frameworks/JavaVM.framework/Versions/A/JavaVM
0x0000000021a55000 	/System/Library/Frameworks/Carbon.framework/Versions/A/Carbon
0x0000000021a55000 	/System/Library/PrivateFrameworks/JavaLaunching.framework/Versions/A/JavaLaunching
0x0000000021a55000 	/System/Library/Frameworks/Carbon.framework/Versions/A/Frameworks/CommonPanels.framework/Versions/A/CommonPanels
0x0000000021a55000 	/System/Library/Frameworks/Carbon.framework/Versions/A/Frameworks/Help.framework/Versions/A/Help
0x0000000021a55000 	/System/Library/Frameworks/Carbon.framework/Versions/A/Frameworks/ImageCapture.framework/Versions/A/ImageCapture
0x0000000021a55000 	/System/Library/Frameworks/Carbon.framework/Versions/A/Frameworks/OpenScripting.framework/Versions/A/OpenScripting
0x0000000021a55000 	/System/Library/Frameworks/Carbon.framework/Versions/A/Frameworks/Print.framework/Versions/A/Print
0x0000000021a55000 	/System/Library/Frameworks/Carbon.framework/Versions/A/Frameworks/SecurityHI.framework/Versions/A/SecurityHI
0x0000000108333000 	/Library/Java/JavaVirtualMachines/jdk1.8.0_151.jdk/Contents/Home/jre/lib/libprism_es2.dylib
0x0000000021a55000 	/System/Library/PrivateFrameworks/CoreServicesInternal.framework/Versions/A/CoreServicesInternal
0x0000000021a55000 	/System/Library/Frameworks/OpenGL.framework/Versions/A/Resources/GLEngine.bundle/GLEngine
0x0000000021a55000 	/System/Library/Frameworks/OpenGL.framework/Versions/A/Libraries/libGLProgrammability.dylib
0x0000000124286000 	/System/Library/Extensions/AppleIntelSKLGraphicsGLDriver.bundle/Contents/MacOS/AppleIntelSKLGraphicsGLDriver
0x0000000021a55000 	/System/Library/PrivateFrameworks/GPUSupport.framework/Versions/A/Libraries/libGPUSupportMercury.dylib
0x0000000021a55000 	/System/Library/Frameworks/OpenGL.framework/Versions/A/Resources/GLRendererFloat.bundle/GLRendererFloat
0x0000000021a55000 	/System/Library/Frameworks/OpenCL.framework/Versions/A/Libraries/libcldcpuengine.dylib
0x0000000021a55000 	/usr/lib/libcrypto.35.dylib
0x0000000021a55000 	/System/Library/PrivateFrameworks/TrustEvaluationAgent.framework/Versions/A/TrustEvaluationAgent
0x0000000123f94000 	/Library/Java/JavaVirtualMachines/jdk1.8.0_151.jdk/Contents/Home/jre/lib/libglass.dylib
0x0000000021a55000 	/System/Library/CoreServices/RawCamera.bundle/Contents/MacOS/RawCamera
0x0000000021a55000 	/System/Library/PrivateFrameworks/MobileAsset.framework/Versions/A/MobileAsset
0x0000000021a55000 	/System/Library/PrivateFrameworks/StreamingZip.framework/Versions/A/StreamingZip
0x0000000021a55000 	/System/Library/Frameworks/MediaToolbox.framework/Versions/A/MediaToolbox
0x0000000021a55000 	/System/Library/PrivateFrameworks/CoreAVCHD.framework/Versions/A/CoreAVCHD
0x0000000021a55000 	/System/Library/Frameworks/MediaAccessibility.framework/Versions/A/MediaAccessibility
0x0000000021a55000 	/System/Library/PrivateFrameworks/Mangrove.framework/Versions/A/Mangrove
0x0000000021a55000 	/System/Library/Frameworks/CoreMedia.framework/Versions/A/CoreMedia
0x0000000021a55000 	/System/Library/Frameworks/VideoToolbox.framework/Versions/A/VideoToolbox
0x0000000021a55000 	/System/Library/PrivateFrameworks/CoreAUC.framework/Versions/A/CoreAUC
0x0000000021a55000 	/usr/lib/libspindump.dylib
0x0000000021a55000 	/usr/lib/libdscsym.dylib
0x0000000021a55000 	/System/Library/PrivateFrameworks/AppleVA.framework/Versions/A/AppleVA
0x0000000021a55000 	/System/Library/Frameworks/Accelerate.framework/Versions/A/Frameworks/vImage.framework/Versions/A/Libraries/libCGInterfaces.dylib
0x0000000021a55000 	/System/Library/PrivateFrameworks/FamilyControls.framework/Versions/A/FamilyControls
0x0000000021a55000 	/System/Library/PrivateFrameworks/CommerceKit.framework/Versions/A/Frameworks/CommerceCore.framework/Versions/A/CommerceCore
0x0000000021a55000 	/System/Library/PrivateFrameworks/SystemAdministration.framework/Versions/A/SystemAdministration
0x0000000021a55000 	/System/Library/PrivateFrameworks/AppContainer.framework/Versions/A/AppContainer
0x0000000021a55000 	/System/Library/PrivateFrameworks/SecCodeWrapper.framework/Versions/A/SecCodeWrapper
0x0000000021a55000 	/System/Library/PrivateFrameworks/DiskManagement.framework/Versions/A/DiskManagement
0x0000000021a55000 	/System/Library/Frameworks/DirectoryService.framework/Versions/A/DirectoryService
0x0000000021a55000 	/System/Library/PrivateFrameworks/DiskImages.framework/Versions/A/DiskImages
0x0000000021a55000 	/System/Library/PrivateFrameworks/LoginUIKit.framework/Versions/A/Frameworks/LoginUICore.framework/Versions/A/LoginUICore
0x0000000021a55000 	/usr/lib/libCoreStorage.dylib
0x0000000021a55000 	/usr/lib/libcsfde.dylib
0x0000000021a55000 	/usr/lib/libodfde.dylib
0x0000000021a55000 	/System/Library/PrivateFrameworks/MediaKit.framework/Versions/A/MediaKit
0x0000000021a55000 	/System/Library/Frameworks/DiscRecording.framework/Versions/A/DiscRecording
0x0000000021a55000 	/System/Library/PrivateFrameworks/EFILogin.framework/Versions/A/EFILogin
0x0000000021a55000 	/System/Library/PrivateFrameworks/ProtectedCloudStorage.framework/Versions/A/ProtectedCloudStorage
0x0000000021a55000 	/usr/lib/libcurl.4.dylib
0x0000000021a55000 	/usr/lib/libssl.35.dylib
0x0000000021a55000 	/System/Library/Frameworks/LDAP.framework/Versions/A/LDAP
0x0000000021a55000 	/usr/lib/libsasl2.2.dylib
0x0000000021a55000 	/System/Library/PrivateFrameworks/CoreDaemon.framework/Versions/B/CoreDaemon
0x0000000021a55000 	/System/Library/PrivateFrameworks/AppleSRP.framework/Versions/A/AppleSRP
0x00000001275e6000 	/Library/Java/JavaVirtualMachines/jdk1.8.0_151.jdk/Contents/Home/jre/lib/libjavafx_font.dylib
0x0000000021a55000 	/System/Library/Frameworks/ApplicationServices.framework/Versions/A/Frameworks/ATS.framework/Versions/A/Resources/libTrueTypeScaler.dylib
0x0000000021a55000 	/System/Library/Extensions/AppleIntelSKLGraphicsMTLDriver.bundle/Contents/MacOS/AppleIntelSKLGraphicsMTLDriver
0x0000000021a55000 	/System/Library/PrivateFrameworks/GPUCompiler.framework/Versions/3802/Libraries/libmetal_timestamp.dylib
0x00000001259d5000 	/Library/Java/JavaVirtualMachines/jdk1.8.0_151.jdk/Contents/Home/jre/lib/libprism_common.dylib
0x0000000021a55000 	/System/Library/PrivateFrameworks/ViewBridge.framework/Versions/A/ViewBridge
0x0000000021a55000 	/System/Library/PrivateFrameworks/FinderKit.framework/Versions/A/FinderKit
0x0000000021a55000 	/System/Library/Frameworks/Quartz.framework/Versions/A/Frameworks/QuickLookUI.framework/Versions/A/QuickLookUI
0x0000000021a55000 	/System/Library/Frameworks/Quartz.framework/Versions/A/Frameworks/ImageKit.framework/Versions/A/ImageKit
0x0000000021a55000 	/System/Library/Frameworks/QuickLook.framework/Versions/A/QuickLook
0x0000000021a55000 	/System/Library/PrivateFrameworks/AppleSystemInfo.framework/Versions/A/AppleSystemInfo
0x0000000021a55000 	/System/Library/Frameworks/ImageCaptureCore.framework/Versions/A/ImageCaptureCore
0x0000000021a55000 	/System/Library/PrivateFrameworks/Suggestions.framework/Versions/A/Suggestions
0x0000000021a55000 	/System/Library/Frameworks/SafariServices.framework/Versions/A/SafariServices
0x0000000021a55000 	/System/Library/Frameworks/QTKit.framework/Versions/A/QTKit
0x0000000021a55000 	/System/Library/PrivateFrameworks/MobileKeyBag.framework/Versions/A/MobileKeyBag
0x0000000021a55000 	/System/Library/Frameworks/AVFoundation.framework/Versions/A/AVFoundation
0x0000000021a55000 	/System/Library/PrivateFrameworks/CoreMediaAuthoring.framework/Versions/A/CoreMediaAuthoring
0x0000000021a55000 	/System/Library/Frameworks/CoreMediaIO.framework/Versions/A/CoreMediaIO
0x0000000021a55000 	/System/Library/Frameworks/AVFoundation.framework/Versions/A/Frameworks/AVFAudio.framework/Versions/A/AVFAudio
0x0000000021a55000 	/System/Library/PrivateFrameworks/IntlPreferences.framework/Versions/A/IntlPreferences
0x0000000021a55000 	/System/Library/PrivateFrameworks/RemoteServiceDiscovery.framework/Versions/A/RemoteServiceDiscovery
0x0000000021a55000 	/System/Library/PrivateFrameworks/RemoteXPC.framework/Versions/A/RemoteXPC
0x0000000021a55000 	/System/Library/PrivateFrameworks/InternationalSupport.framework/Versions/A/InternationalSupport
0x0000000021a55000 	/System/Library/PrivateFrameworks/QuickLookThumbnailing.framework/Versions/A/QuickLookThumbnailing
0x0000000021a55000 	/System/Library/PrivateFrameworks/GenerationalStorage.framework/Versions/A/GenerationalStorage
0x0000000021a55000 	/System/Library/PrivateFrameworks/ChunkingLibrary.framework/Versions/A/ChunkingLibrary
0x0000000021a55000 	/System/Library/PrivateFrameworks/DisplayServices.framework/Versions/A/DisplayServices
0x0000000021a55000 	/System/Library/Frameworks/Quartz.framework/Versions/A/Frameworks/PDFKit.framework/Versions/A/PDFKit
0x0000000021a55000 	/System/Library/Frameworks/Quartz.framework/Versions/A/Frameworks/QuartzComposer.framework/Versions/A/QuartzComposer
0x0000000021a55000 	/System/Library/Frameworks/Quartz.framework/Versions/A/Frameworks/QuartzFilters.framework/Versions/A/QuartzFilters
0x0000000021a55000 	/System/Library/PrivateFrameworks/CorePDF.framework/Versions/A/CorePDF
0x0000000021a55000 	/System/Library/Frameworks/JavaScriptCore.framework/Versions/A/JavaScriptCore
0x0000000021a55000 	/System/Library/Frameworks/AddressBook.framework/Versions/A/AddressBook
0x0000000021a55000 	/System/Library/PrivateFrameworks/ContactsPersistence.framework/Versions/A/ContactsPersistence
0x0000000021a55000 	/System/Library/PrivateFrameworks/ApplePushService.framework/Versions/A/ApplePushService
0x0000000021a55000 	/System/Library/PrivateFrameworks/CalendarAgentLink.framework/Versions/A/CalendarAgentLink
0x0000000021a55000 	/System/Library/PrivateFrameworks/ContactsFoundation.framework/Versions/A/ContactsFoundation
0x0000000021a55000 	/System/Library/PrivateFrameworks/CorePhoneNumbers.framework/Versions/A/CorePhoneNumbers
0x0000000021a55000 	/System/Library/Frameworks/Quartz.framework/Versions/A/Quartz
0x0000000021a55000 	/System/Library/Frameworks/SecurityInterface.framework/Versions/A/SecurityInterface
0x0000000021a55000 	/System/Library/PrivateFrameworks/ToneKit.framework/Versions/A/ToneKit
0x0000000021a55000 	/System/Library/PrivateFrameworks/ToneLibrary.framework/Versions/A/ToneLibrary
0x0000000021a55000 	/System/Library/PrivateFrameworks/vCard.framework/Versions/A/vCard
0x0000000021a55000 	/System/Library/Frameworks/Accounts.framework/Versions/A/Accounts
0x0000000021a55000 	/System/Library/PrivateFrameworks/PhoneNumbers.framework/Versions/A/PhoneNumbers
0x0000000021a55000 	/System/Library/PrivateFrameworks/CommonUtilities.framework/Versions/A/CommonUtilities
0x0000000021a55000 	/System/Library/PrivateFrameworks/CloudDocs.framework/Versions/A/CloudDocs
0x0000000021a55000 	/System/Library/PrivateFrameworks/FileProvider.framework/Versions/A/FileProvider
0x0000000021a55000 	/System/Library/PrivateFrameworks/SpotlightIndex.framework/Versions/A/SpotlightIndex
0x0000000021a55000 	/System/Library/PrivateFrameworks/SymptomDiagnosticReporter.framework/Versions/A/SymptomDiagnosticReporter
0x0000000021a55000 	/System/Library/PrivateFrameworks/CoreNLP.framework/Versions/A/CoreNLP
0x0000000021a55000 	/usr/lib/libmecab.1.0.0.dylib
0x0000000021a55000 	/usr/lib/libgermantok.dylib
0x0000000021a55000 	/usr/lib/libThaiTokenizer.dylib
0x0000000021a55000 	/System/Library/PrivateFrameworks/PlugInKit.framework/Versions/A/PlugInKit
0x0000000021a55000 	/System/Library/PrivateFrameworks/SharePointManagement.framework/Versions/A/SharePointManagement
0x0000000021a55000 	/System/Library/Frameworks/CloudKit.framework/Versions/A/CloudKit
0x0000000021a55000 	/System/Library/Frameworks/CoreLocation.framework/Versions/A/CoreLocation
0x0000000021a55000 	/System/Library/PrivateFrameworks/GeoServices.framework/Versions/A/GeoServices
0x0000000125a5b000 	/System/Library/PrivateFrameworks/FileProvider.framework/OverrideBundles/CloudDocsFileProvider.bundle/Contents/MacOS/CloudDocsFileProvider
0x0000000129b59000 	/System/Library/PrivateFrameworks/FileProvider.framework/OverrideBundles/FileProviderOverride.bundle/Contents/MacOS/FileProviderOverride
0x0000000129b62000 	/System/Library/PrivateFrameworks/FileProvider.framework/OverrideBundles/FinderSyncCollaborationFileProviderOverride.bundle/Contents/MacOS/FinderSyncCollaborationFileProviderOverride
0x000000012aff2000 	/System/Library/Frameworks/Quartz.framework/Versions/A/Frameworks/QuickLookUI.framework/Versions/A/PlugIns/Generic.qldisplay/Contents/MacOS/Generic
0x0000000127d21000 	/Library/Java/JavaVirtualMachines/jdk1.8.0_151.jdk/Contents/Home/jre/lib/libawt.dylib
0x0000000127dc9000 	/Library/Java/JavaVirtualMachines/jdk1.8.0_151.jdk/Contents/Home/jre/lib/./libmlib_image.dylib
0x0000000127e95000 	/Library/Java/JavaVirtualMachines/jdk1.8.0_151.jdk/Contents/Home/jre/lib/libawt_lwawt.dylib
0x0000000123a25000 	/Library/Java/JavaVirtualMachines/jdk1.8.0_151.jdk/Contents/Home/jre/lib/./libosxapp.dylib
0x0000000021a55000 	/System/Library/Frameworks/ExceptionHandling.framework/Versions/A/ExceptionHandling
0x000000012ce80000 	/Library/Java/JavaVirtualMachines/jdk1.8.0_151.jdk/Contents/Home/jre/lib/libfontmanager.dylib
0x0000000123f86000 	/Library/Java/JavaVirtualMachines/jdk1.8.0_151.jdk/Contents/Home/jre/lib/libosxui.dylib
0x000000012ad03000 	/Library/Java/JavaVirtualMachines/jdk1.8.0_151.jdk/Contents/Home/jre/lib/libnio.dylib
0x000000012ae15000 	/Library/Java/JavaVirtualMachines/jdk1.8.0_151.jdk/Contents/Home/jre/lib/./libnet.dylib
0x0000000131625000 	/Library/Java/JavaVirtualMachines/jdk1.8.0_151.jdk/Contents/Home/jre/lib/liblcms.dylib
0x0000000123a46000 	/Library/Java/JavaVirtualMachines/jdk1.8.0_151.jdk/Contents/Home/jre/lib/libt2k.dylib
0x000000012bdd4000 	/Library/Java/JavaVirtualMachines/jdk1.8.0_151.jdk/Contents/Home/jre/lib/libdcpr.dylib
0x0000000021a55000 	/System/Library/PrivateFrameworks/login.framework/Versions/A/login

VM Arguments:
java_command: examines.jar
java_class_path (initial): examines.jar
Launcher Type: SUN_STANDARD

Environment Variables:
JAVA_HOME=/Library/Java/JavaVirtualMachines/jdk1.8.0_151.jdk/Contents/Home
PATH=/Library/Frameworks/Python.framework/Versions/3.6/bin:/usr/local/bin:/usr/bin:/bin:/usr/sbin:/sbin:/Users/garethbilaney/Desktop/apache-maven-3.5.2/bin
SHELL=/bin/bash

Signal Handlers:
SIGSEGV: [libjvm.dylib+0x5b27a5], sa_mask[0]=11111111011111110111111111111111, sa_flags=SA_ONSTACK|SA_RESTART|SA_SIGINFO
SIGBUS: [libjvm.dylib+0x5b27a5], sa_mask[0]=11111111011111110111111111111111, sa_flags=SA_RESTART|SA_SIGINFO
SIGFPE: [libjvm.dylib+0x4891c4], sa_mask[0]=11111111011111110111111111111111, sa_flags=SA_RESTART|SA_SIGINFO
SIGPIPE: [libjvm.dylib+0x4891c4], sa_mask[0]=11111111011111110111111111111111, sa_flags=SA_RESTART|SA_SIGINFO
SIGXFSZ: [libjvm.dylib+0x4891c4], sa_mask[0]=11111111011111110111111111111111, sa_flags=SA_RESTART|SA_SIGINFO
SIGILL: [libjvm.dylib+0x4891c4], sa_mask[0]=11111111011111110111111111111111, sa_flags=SA_RESTART|SA_SIGINFO
SIGUSR1: SIG_DFL, sa_mask[0]=11011111011111100000000111000110, sa_flags=none
SIGUSR2: [libjvm.dylib+0x488ce2], sa_mask[0]=00000000000000000000000000000000, sa_flags=SA_RESTART|SA_SIGINFO
SIGHUP: [libjvm.dylib+0x4872b9], sa_mask[0]=11111111011111110111111111111111, sa_flags=SA_RESTART|SA_SIGINFO
SIGINT: [libjvm.dylib+0x4872b9], sa_mask[0]=11111111011111110111111111111111, sa_flags=SA_RESTART|SA_SIGINFO
SIGTERM: [libjvm.dylib+0x4872b9], sa_mask[0]=11111111011111110111111111111111, sa_flags=SA_RESTART|SA_SIGINFO
SIGQUIT: [libjvm.dylib+0x4872b9], sa_mask[0]=11111111011111110111111111111111, sa_flags=SA_RESTART|SA_SIGINFO


---------------  S Y S T E M  ---------------

OS:Bsduname:Darwin 17.4.0 Darwin Kernel Version 17.4.0: Sun Dec 17 09:19:54 PST 2017; root:xnu-4570.41.2~1/RELEASE_X86_64 x86_64
rlimit: STACK 8192k, CORE 0k, NPROC 1418, NOFILE 12544, AS infinity
load average:1,94 2,92 2,44

CPU:total 4 (initial active 4) (2 cores per cpu, 2 threads per core) family 6 model 78 stepping 3, cmov, cx8, fxsr, mmx, sse, sse2, sse3, ssse3, sse4.1, sse4.2, popcnt, avx, avx2, aes, clmul, erms, 3dnowpref, lzcnt, ht, tsc, tscinvbit, bmi1, bmi2, adx

Memory: 4k page, physical 16777216k(851248k free)

/proc/meminfo:


vm_info: Java HotSpot(TM) 64-Bit Server VM (25.151-b12) for bsd-amd64 JRE (1.8.0_151-b12), built on Sep  5 2017 19:37:08 by "java_re" with gcc 4.2.1 (Based on Apple Inc. build 5658) (LLVM build 2336.11.00)

time: Sat Mar  3 16:53:41 2018
elapsed time: 53 seconds (0d 0h 0m 53s)

